<?xml version="1.0" encoding="UTF-8"?>
<!-- Generated by org.testng.reporters.JUnitXMLReporter -->
<testsuite ignored="0" hostname="Abdullah-Harun" failures="0" tests="6" name="Default test" time="68.534" errors="0" timestamp="2022-09-23T12:30:13 EDT">
  <testcase classname="testPages.HomePageTest" name="logoTest" time="0.114"/>
  <testcase classname="testPages.HomePageTest" name="aboutUsclicked" time="7.771"/>
  <testcase classname="testPages.HomePageTest" name="ATMLocationclicked" time="9.527"/>
  <testcase classname="testPages.HomePageTest" name="clickloginButtonFieldTest" time="8.269"/>
  <testcase classname="testPages.HomePageTest" name="clickForgotUsernameOrPassword" time="10.344"/>
  <testcase classname="testPages.HomePageTest" name="clickSignonButton" time="6.911"/>
</testsuite> <!-- Default test -->
