<?xml version="1.0" encoding="UTF-8"?>
<!-- Generated by org.testng.reporters.JUnitXMLReporter -->
<testsuite ignored="0" hostname="Abdullah-Harun" failures="0" tests="6" name="Default test" time="75.173" errors="0" timestamp="2022-09-26T21:00:48 EDT">
  <testcase classname="testPages.HomePageTest" name="logoTest" time="0.305"/>
  <testcase classname="testPages.HomePageTest" name="aboutUsclicked" time="17.392"/>
  <testcase classname="testPages.HomePageTest" name="ATMLocationclicked" time="7.812"/>
  <testcase classname="testPages.HomePageTest" name="clickloginButtonFieldTest" time="7.915"/>
  <testcase classname="testPages.HomePageTest" name="clickForgotUsernameOrPassword" time="7.191"/>
  <testcase classname="testPages.HomePageTest" name="clickSignonButton" time="9.028"/>
</testsuite> <!-- Default test -->
