<?xml version="1.0" encoding="UTF-8"?>
<testng-results ignored="0" total="1" passed="1" failed="0" skipped="0">
  <reporter-output>
  </reporter-output>
  <suite started-at="2022-09-22T17:58:15 EDT" name="Default suite" finished-at="2022-09-22T17:58:20 EDT" duration-ms="5467">
    <groups>
    </groups>
    <test started-at="2022-09-22T17:58:15 EDT" name="Default test" finished-at="2022-09-22T17:58:20 EDT" duration-ms="5467">
      <class name="testPages.HomePageTest">
        <test-method is-config="true" signature="setUp()[pri:0, instance:testPages.HomePageTest@550dbc7a]" started-at="2022-09-22T17:58:15 EDT" name="setUp" finished-at="2022-09-22T17:58:19 EDT" duration-ms="4442" status="PASS">
          <reporter-output>
          </reporter-output>
        </test-method> <!-- setUp -->
        <test-method signature="logoTest()[pri:0, instance:testPages.HomePageTest@550dbc7a]" started-at="2022-09-22T17:58:19 EDT" name="logoTest" finished-at="2022-09-22T17:58:20 EDT" duration-ms="475" status="PASS">
          <reporter-output>
          </reporter-output>
        </test-method> <!-- logoTest -->
        <test-method is-config="true" signature="tearUp()[pri:0, instance:testPages.HomePageTest@550dbc7a]" started-at="2022-09-22T17:58:20 EDT" name="tearUp" finished-at="2022-09-22T17:58:20 EDT" duration-ms="502" status="PASS">
          <reporter-output>
          </reporter-output>
        </test-method> <!-- tearUp -->
      </class> <!-- testPages.HomePageTest -->
    </test> <!-- Default test -->
  </suite> <!-- Default suite -->
</testng-results>
